<?xml version="1.0" encoding="UTF-8"?>
<testsuite name="com.codesquad.team1.dust.DustApplicationTests" tests="1" skipped="0" failures="0" errors="0" timestamp="2020-03-30T11:38:29" hostname="useruiMcBookPro" time="0.267">
  <properties/>
  <testcase name="contextLoads()" classname="com.codesquad.team1.dust.DustApplicationTests" time="0.267"/>
  <system-out><![CDATA[20:38:26.292 [Test worker] DEBUG org.springframework.test.context.BootstrapUtils - Instantiating CacheAwareContextLoaderDelegate from class [org.springframework.test.context.cache.DefaultCacheAwareContextLoaderDelegate]
20:38:26.362 [Test worker] DEBUG org.springframework.test.context.BootstrapUtils - Instantiating BootstrapContext using constructor [public org.springframework.test.context.support.DefaultBootstrapContext(java.lang.Class,org.springframework.test.context.CacheAwareContextLoaderDelegate)]
20:38:26.442 [Test worker] DEBUG org.springframework.test.context.BootstrapUtils - Instantiating TestContextBootstrapper for test class [com.codesquad.team1.dust.DustApplicationTests] from class [org.springframework.boot.test.context.SpringBootTestContextBootstrapper]
20:38:26.484 [Test worker] INFO org.springframework.boot.test.context.SpringBootTestContextBootstrapper - Neither @ContextConfiguration nor @ContextHierarchy found for test class [com.codesquad.team1.dust.DustApplicationTests], using SpringBootContextLoader
20:38:26.497 [Test worker] DEBUG org.springframework.test.context.support.AbstractContextLoader - Did not detect default resource location for test class [com.codesquad.team1.dust.DustApplicationTests]: class path resource [com/codesquad/team1/dust/DustApplicationTests-context.xml] does not exist
20:38:26.498 [Test worker] DEBUG org.springframework.test.context.support.AbstractContextLoader - Did not detect default resource location for test class [com.codesquad.team1.dust.DustApplicationTests]: class path resource [com/codesquad/team1/dust/DustApplicationTestsContext.groovy] does not exist
20:38:26.499 [Test worker] INFO org.springframework.test.context.support.AbstractContextLoader - Could not detect default resource locations for test class [com.codesquad.team1.dust.DustApplicationTests]: no resource found for suffixes {-context.xml, Context.groovy}.
20:38:26.507 [Test worker] INFO org.springframework.test.context.support.AnnotationConfigContextLoaderUtils - Could not detect default configuration classes for test class [com.codesquad.team1.dust.DustApplicationTests]: DustApplicationTests does not declare any static, non-private, non-final, nested classes annotated with @Configuration.
20:38:26.620 [Test worker] DEBUG org.springframework.test.context.support.ActiveProfilesUtils - Could not find an 'annotation declaring class' for annotation type [org.springframework.test.context.ActiveProfiles] and class [com.codesquad.team1.dust.DustApplicationTests]
20:38:26.757 [Test worker] DEBUG org.springframework.context.annotation.ClassPathScanningCandidateComponentProvider - Identified candidate component class: file [/Users/user/IdeaProjects/dust-1/BE/build/classes/java/main/com/codesquad/team1/dust/DustApplication.class]
20:38:26.761 [Test worker] INFO org.springframework.boot.test.context.SpringBootTestContextBootstrapper - Found @SpringBootConfiguration com.codesquad.team1.dust.DustApplication for test class com.codesquad.team1.dust.DustApplicationTests
20:38:27.074 [Test worker] DEBUG org.springframework.boot.test.context.SpringBootTestContextBootstrapper - @TestExecutionListeners is not present for class [com.codesquad.team1.dust.DustApplicationTests]: using defaults.
20:38:27.075 [Test worker] INFO org.springframework.boot.test.context.SpringBootTestContextBootstrapper - Loaded default TestExecutionListener class names from location [META-INF/spring.factories]: [org.springframework.boot.test.autoconfigure.restdocs.RestDocsTestExecutionListener, org.springframework.boot.test.autoconfigure.web.client.MockRestServiceServerResetTestExecutionListener, org.springframework.boot.test.autoconfigure.web.servlet.MockMvcPrintOnlyOnFailureTestExecutionListener, org.springframework.boot.test.autoconfigure.web.servlet.WebDriverTestExecutionListener, org.springframework.boot.test.mock.mockito.MockitoTestExecutionListener, org.springframework.boot.test.mock.mockito.ResetMocksTestExecutionListener, org.springframework.test.context.web.ServletTestExecutionListener, org.springframework.test.context.support.DirtiesContextBeforeModesTestExecutionListener, org.springframework.test.context.support.DependencyInjectionTestExecutionListener, org.springframework.test.context.support.DirtiesContextTestExecutionListener, org.springframework.test.context.transaction.TransactionalTestExecutionListener, org.springframework.test.context.jdbc.SqlScriptsTestExecutionListener, org.springframework.test.context.event.EventPublishingTestExecutionListener]
20:38:27.092 [Test worker] INFO org.springframework.boot.test.context.SpringBootTestContextBootstrapper - Using TestExecutionListeners: [org.springframework.test.context.web.ServletTestExecutionListener@364fc71e, org.springframework.test.context.support.DirtiesContextBeforeModesTestExecutionListener@39a9dced, org.springframework.boot.test.mock.mockito.MockitoTestExecutionListener@66ff2ed8, org.springframework.boot.test.autoconfigure.SpringBootDependencyInjectionTestExecutionListener@42e0aaac, org.springframework.test.context.support.DirtiesContextTestExecutionListener@adff2d9, org.springframework.test.context.transaction.TransactionalTestExecutionListener@7d6619db, org.springframework.test.context.jdbc.SqlScriptsTestExecutionListener@62707141, org.springframework.test.context.event.EventPublishingTestExecutionListener@25021269, org.springframework.boot.test.autoconfigure.restdocs.RestDocsTestExecutionListener@503e652a, org.springframework.boot.test.autoconfigure.web.client.MockRestServiceServerResetTestExecutionListener@1ddb0637, org.springframework.boot.test.autoconfigure.web.servlet.MockMvcPrintOnlyOnFailureTestExecutionListener@7c4086b4, org.springframework.boot.test.autoconfigure.web.servlet.WebDriverTestExecutionListener@49e4420f, org.springframework.boot.test.mock.mockito.ResetMocksTestExecutionListener@6a50692c]
20:38:27.095 [Test worker] DEBUG org.springframework.test.context.support.AbstractDirtiesContextTestExecutionListener - Before test class: context [DefaultTestContext@1eebe66a testClass = DustApplicationTests, testInstance = [null], testMethod = [null], testException = [null], mergedContextConfiguration = [WebMergedContextConfiguration@a64fe5d testClass = DustApplicationTests, locations = '{}', classes = '{class com.codesquad.team1.dust.DustApplication}', contextInitializerClasses = '[]', activeProfiles = '{}', propertySourceLocations = '{}', propertySourceProperties = '{org.springframework.boot.test.context.SpringBootTestContextBootstrapper=true}', contextCustomizers = set[org.springframework.boot.test.autoconfigure.properties.PropertyMappingContextCustomizer@0, org.springframework.boot.test.autoconfigure.web.servlet.WebDriverContextCustomizerFactory$Customizer@66e57365, org.springframework.boot.test.context.filter.ExcludeFilterContextCustomizer@67337a85, org.springframework.boot.test.json.DuplicateJsonObjectContextCustomizerFactory$DuplicateJsonObjectContextCustomizer@4a19e7a9, org.springframework.boot.test.mock.mockito.MockitoContextCustomizer@0, org.springframework.boot.test.web.client.TestRestTemplateContextCustomizer@7303367c], resourceBasePath = 'src/main/webapp', contextLoader = 'org.springframework.boot.test.context.SpringBootContextLoader', parent = [null]], attributes = map['org.springframework.test.context.web.ServletTestExecutionListener.activateListener' -> true]], class annotated with @DirtiesContext [false] with mode [null].
20:38:27.120 [Test worker] DEBUG org.springframework.test.context.support.TestPropertySourceUtils - Adding inlined properties to environment: {spring.jmx.enabled=false, org.springframework.boot.test.context.SpringBootTestContextBootstrapper=true, server.port=-1}

  .   ____          _            __ _ _
 /\\ / ___'_ __ _ _(_)_ __  __ _ \ \ \ \
( ( )\___ | '_ | '_| | '_ \/ _` | \ \ \ \
 \\/  ___)| |_)| | | | | || (_| |  ) ) ) )
  '  |____| .__|_| |_|_| |_\__, | / / / /
 =========|_|==============|___/=/_/_/_/
 :: Spring Boot ::        (v2.2.6.RELEASE)

2020-03-30 20:38:27.349  INFO 2304 --- [    Test worker] c.c.team1.dust.DustApplicationTests      : Starting DustApplicationTests on useruiMcBookPro with PID 2304 (started by user in /Users/user/IdeaProjects/dust-1/BE)
2020-03-30 20:38:27.350  INFO 2304 --- [    Test worker] c.c.team1.dust.DustApplicationTests      : No active profile set, falling back to default profiles: default
2020-03-30 20:38:28.031  INFO 2304 --- [    Test worker] .s.d.r.c.RepositoryConfigurationDelegate : Bootstrapping Spring Data JDBC repositories in DEFAULT mode.
2020-03-30 20:38:28.049  INFO 2304 --- [    Test worker] .s.d.r.c.RepositoryConfigurationDelegate : Finished Spring Data repository scanning in 12ms. Found 0 JDBC repository interfaces.
2020-03-30 20:38:29.038  INFO 2304 --- [    Test worker] o.s.s.concurrent.ThreadPoolTaskExecutor  : Initializing ExecutorService 'applicationTaskExecutor'
2020-03-30 20:38:29.568  INFO 2304 --- [    Test worker] c.c.team1.dust.DustApplicationTests      : Started DustApplicationTests in 2.438 seconds (JVM running for 5.204)
]]></system-out>
  <system-err><![CDATA[]]></system-err>
</testsuite>
